<?xml version="1.0" encoding="UTF-8"?>
<!-- Generated by org.testng.reporters.JUnitXMLReporter -->
<testsuite ignored="0" hostname="Himanis-MacBook-Air.local" failures="1" tests="2" name="Test" time="30.938" errors="0" timestamp="2024-03-30T14:10:26 PDT">
  <testcase classname="testCases.TC_001_AccountRegistrationTest" name="verify_account_registration" time="2.697"/>
  <testcase classname="testCases.TC_002_LoginTest" name="verifyLogin" time="11.387">
    <failure type="java.lang.AssertionError" message="null">
      <![CDATA[java.lang.AssertionError: null
at testCases.TC_002_LoginTest.verifyLogin(TC_002_LoginTest.java:46)
at java.base/java.util.ArrayList.forEach(ArrayList.java:1511)
... Removed 29 stack frames]]>
    </failure>
  </testcase> <!-- verifyLogin -->
</testsuite> <!-- Test -->
